<?xml version="1.0" encoding="UTF-8"?>
<!-- Generated by org.testng.reporters.JUnitXMLReporter -->
<testsuite hostname="saurabhkumar14" ignored="0" name="Test" tests="4" failures="2" timestamp="14 Jan 2021 12:16:28 GMT" time="185.376" errors="0">
  <testcase name="feature" time="51.113" classname="cucumber.api.testng.AbstractTestNGCucumberTests">
    <failure type="cucumber.runtime.CucumberException" message="java.lang.AssertionError: null">
      <![CDATA[cucumber.runtime.CucumberException: java.lang.AssertionError: null
	at cucumber.api.testng.TestNGCucumberRunner.runCucumber(TestNGCucumberRunner.java:69)
	at cucumber.api.testng.AbstractTestNGCucumberTests.feature(AbstractTestNGCucumberTests.java:21)
Caused by: java.lang.AssertionError: null
	at StepDef.JobAlertStefDef.user_will_click_on_Job_Alert_submit_button(JobAlertStefDef.java:35)
	at ✽.Then User will click on Job Alert submit button(JobAlert.feature:25)
... Removed 32 stack frames]]>
    </failure>
  </testcase> <!-- feature -->
  <testcase name="feature" time="67.828" classname="cucumber.api.testng.AbstractTestNGCucumberTests"/>
  <testcase name="feature" time="50.415" classname="cucumber.api.testng.AbstractTestNGCucumberTests"/>
  <testcase name="feature" time="15.18" classname="cucumber.api.testng.AbstractTestNGCucumberTests">
    <failure type="cucumber.runtime.CucumberException" message="java.lang.AssertionError: null">
      <![CDATA[cucumber.runtime.CucumberException: java.lang.AssertionError: null
	at cucumber.api.testng.TestNGCucumberRunner.runCucumber(TestNGCucumberRunner.java:69)
	at cucumber.api.testng.AbstractTestNGCucumberTests.feature(AbstractTestNGCucumberTests.java:21)
Caused by: java.lang.AssertionError: null
	at StepDef.WrongRegistrationDef.user_click_on_Submit_button_of_Application(WrongRegistrationDef.java:50)
	at ✽.Then User click on Submit button of Application(WronRegistration.feature:7)
... Removed 32 stack frames]]>
    </failure>
  </testcase> <!-- feature -->
</testsuite> <!-- Test -->
